

*******************************************************************************
Wed May 25 23:46:16 2016


FIT:    data read from 'points.in' skip 1 using 1:3
        format = x:z
        #datapoints = 24
        residuals are weighted equally (unit weight)

function used for fitting: f(x)
	f(x) = a * sin(b * x + c) + d
fitted parameters initialized with current variable values

iter      chisq       delta/lim  lambda   a             b             c             d            
   0 6.8372444010e+02   0.00e+00  4.82e+00    1.000000e+00   5.235988e-01   1.000000e+00   8.000000e+00
  11 2.0583246607e-02  -3.94e-01  4.82e-07    8.041668e+00   5.236298e-01  -3.413578e-04   8.000125e+00

After 11 iterations the fit converged.
final sum of squares of residuals : 0.0205832
rel. change during last iteration : -3.94339e-06

degrees of freedom    (FIT_NDF)                        : 20
rms of residuals      (FIT_STDFIT) = sqrt(WSSR/ndf)    : 0.0320806
variance of residuals (reduced chisquare) = WSSR/ndf   : 0.00102916

Final set of parameters            Asymptotic Standard Error
=======================            ==========================
a               = 8.04167          +/- 0.009342     (0.1162%)
b               = 0.52363          +/- 0.0001662    (0.03174%)
c               = -0.000341358     +/- 0.002162     (633.2%)
d               = 8.00012          +/- 0.006581     (0.08226%)

correlation matrix of the fit parameters:
                a      b      c      d      
a               1.000 
b               0.131  1.000 
c              -0.111 -0.846  1.000 
d               0.013  0.099 -0.084  1.000 


*******************************************************************************
Wed May 25 23:46:16 2016


FIT:    data read from 'points.in' skip 1 using 1:2
        format = x:z
        #datapoints = 24
        residuals are weighted equally (unit weight)

function used for fitting: f(x)
	f(x) = a * cos(b * x) + d
fitted parameters initialized with current variable values

iter      chisq       delta/lim  lambda   a             b             d            
   0 3.8342562584e+02   0.00e+00  4.14e+00    1.000000e+00   5.235988e-01   5.000000e+00
   6 1.3375699371e+00   0.00e+00  4.14e+06   -4.643720e+00   5.233630e-01   4.997958e+00

After 6 iterations the fit converged.
final sum of squares of residuals : 1.33757
rel. change during last iteration : 0

degrees of freedom    (FIT_NDF)                        : 21
rms of residuals      (FIT_STDFIT) = sqrt(WSSR/ndf)    : 0.252376
variance of residuals (reduced chisquare) = WSSR/ndf   : 0.0636938

Final set of parameters            Asymptotic Standard Error
=======================            ==========================
a               = -4.64372         +/- 0.073        (1.572%)
b               = 0.523363         +/- 0.001161     (0.2219%)
d               = 4.99796          +/- 0.05249      (1.05%)

correlation matrix of the fit parameters:
                a      b      d      
a               1.000 
b               0.060  1.000 
d               0.012  0.192  1.000 
